{"meta": {"format": 3, "version": "7.11.0", "timestamp": "2025-10-27T22:04:46.477516", "branch_coverage": false, "show_contexts": false}, "files": {"my_app/__init__.py": {"executed_lines": [0], "summary": {"covered_lines": 0, "num_statements": 0, "percent_covered": 100.0, "percent_covered_display": "100", "missing_lines": 0, "excluded_lines": 0}, "missing_lines": [], "excluded_lines": [], "functions": {"": {"executed_lines": [], "summary": {"covered_lines": 0, "num_statements": 0, "percent_covered": 100.0, "percent_covered_display": "100", "missing_lines": 0, "excluded_lines": 0}, "missing_lines": [], "excluded_lines": []}}, "classes": {"": {"executed_lines": [], "summary": {"covered_lines": 0, "num_statements": 0, "percent_covered": 100.0, "percent_covered_display": "100", "missing_lines": 0, "excluded_lines": 0}, "missing_lines": [], "excluded_lines": []}}}, "my_app/apps.py": {"executed_lines": [1, 4, 5, 6], "summary": {"covered_lines": 4, "num_statements": 4, "percent_covered": 100.0, "percent_covered_display": "100", "missing_lines": 0, "excluded_lines": 0}, "missing_lines": [], "excluded_lines": [], "functions": {"": {"executed_lines": [1, 4, 5, 6], "summary": {"covered_lines": 4, "num_statements": 4, "percent_covered": 100.0, "percent_covered_display": "100", "missing_lines": 0, "excluded_lines": 0}, "missing_lines": [], "excluded_lines": []}}, "classes": {"MyAppConfig": {"executed_lines": [], "summary": {"covered_lines": 0, "num_statements": 0, "percent_covered": 100.0, "percent_covered_display": "100", "missing_lines": 0, "excluded_lines": 0}, "missing_lines": [], "excluded_lines": []}, "": {"executed_lines": [1, 4, 5, 6], "summary": {"covered_lines": 4, "num_statements": 4, "percent_covered": 100.0, "percent_covered_display": "100", "missing_lines": 0, "excluded_lines": 0}, "missing_lines": [], "excluded_lines": []}}}, "my_app/management/__init__.py": {"executed_lines": [0], "summary": {"covered_lines": 0, "num_statements": 0, "percent_covered": 100.0, "percent_covered_display": "100", "missing_lines": 0, "excluded_lines": 0}, "missing_lines": [], "excluded_lines": [], "functions": {"": {"executed_lines": [], "summary": {"covered_lines": 0, "num_statements": 0, "percent_covered": 100.0, "percent_covered_display": "100", "missing_lines": 0, "excluded_lines": 0}, "missing_lines": [], "excluded_lines": []}}, "classes": {"": {"executed_lines": [], "summary": {"covered_lines": 0, "num_statements": 0, "percent_covered": 100.0, "percent_covered_display": "100", "missing_lines": 0, "excluded_lines": 0}, "missing_lines": [], "excluded_lines": []}}}, "my_app/management/commands/__init__.py": {"executed_lines": [0], "summary": {"covered_lines": 0, "num_statements": 0, "percent_covered": 100.0, "percent_covered_display": "100", "missing_lines": 0, "excluded_lines": 0}, "missing_lines": [], "excluded_lines": [], "functions": {"": {"executed_lines": [], "summary": {"covered_lines": 0, "num_statements": 0, "percent_covered": 100.0, "percent_covered_display": "100", "missing_lines": 0, "excluded_lines": 0}, "missing_lines": [], "excluded_lines": []}}, "classes": {"": {"executed_lines": [], "summary": {"covered_lines": 0, "num_statements": 0, "percent_covered": 100.0, "percent_covered_display": "100", "missing_lines": 0, "excluded_lines": 0}, "missing_lines": [], "excluded_lines": []}}}, "my_app/management/commands/generate_odata_metadata.py": {"executed_lines": [2, 16, 17, 18, 19, 20, 22, 23, 24, 25, 28, 29, 32, 59, 63, 77, 78, 79, 80, 81, 82, 84, 94, 95, 97, 99, 102, 103, 106, 107, 109, 111, 113, 114, 115, 116, 123, 125, 126, 128, 130, 134, 137, 138, 147, 148, 149, 150, 156, 163, 166, 167, 168, 169, 177, 185, 194, 197, 207, 208, 209, 212, 215, 217, 224, 232, 233, 234, 240, 249, 251, 253, 260, 261, 262, 269, 270, 277, 278, 280, 283, 284, 293, 295, 302, 304, 305, 314, 316, 317, 318, 320, 330, 331, 333, 334, 336, 338, 340, 355, 356, 358, 359, 366, 373, 380, 387, 395, 401, 402, 403, 404, 405, 406, 407, 409, 413, 415, 422, 425, 426, 428, 433, 434, 435, 436, 437, 439, 440, 441, 447], "summary": {"covered_lines": 129, "num_statements": 134, "percent_covered": 96.26865671641791, "percent_covered_display": "96", "missing_lines": 5, "excluded_lines": 0}, "missing_lines": [131, 448, 451, 453, 454], "excluded_lines": [], "functions": {"ODataMetadataGenerator.__init__": {"executed_lines": [77, 78, 79, 80, 81, 82], "summary": {"covered_lines": 6, "num_statements": 6, "percent_covered": 100.0, "percent_covered_display": "100", "missing_lines": 0, "excluded_lines": 0}, "missing_lines": [], "excluded_lines": []}, "ODataMetadataGenerator.get_odata_type": {"executed_lines": [94, 95], "summary": {"covered_lines": 2, "num_statements": 2, "percent_covered": 100.0, "percent_covered_display": "100", "missing_lines": 0, "excluded_lines": 0}, "missing_lines": [], "excluded_lines": []}, "ODataMetadataGenerator.should_include_model": {"executed_lines": [99, 102, 103, 106, 107, 109], "summary": {"covered_lines": 6, "num_statements": 6, "percent_covered": 100.0, "percent_covered_display": "100", "missing_lines": 0, "excluded_lines": 0}, "missing_lines": [], "excluded_lines": []}, "ODataMetadataGenerator.collect_models": {"executed_lines": [113, 114, 115, 116], "summary": {"covered_lines": 4, "num_statements": 4, "percent_covered": 100.0, "percent_covered_display": "100", "missing_lines": 0, "excluded_lines": 0}, "missing_lines": [], "excluded_lines": []}, "ODataMetadataGenerator.process_model_fields": {"executed_lines": [125, 126, 128, 130, 134, 137, 138, 147, 148, 149, 150, 156, 163, 166, 167, 168, 169], "summary": {"covered_lines": 17, "num_statements": 18, "percent_covered": 94.44444444444444, "percent_covered_display": "94", "missing_lines": 1, "excluded_lines": 0}, "missing_lines": [131], "excluded_lines": []}, "ODataMetadataGenerator.generate_edmx": {"executed_lines": [185, 194, 197, 207, 208, 209, 212, 215], "summary": {"covered_lines": 8, "num_statements": 8, "percent_covered": 100.0, "percent_covered_display": "100", "missing_lines": 0, "excluded_lines": 0}, "missing_lines": [], "excluded_lines": []}, "ODataMetadataGenerator.generate_json_schema": {"executed_lines": [224, 232, 233, 234, 240, 249], "summary": {"covered_lines": 6, "num_statements": 6, "percent_covered": 100.0, "percent_covered_display": "100", "missing_lines": 0, "excluded_lines": 0}, "missing_lines": [], "excluded_lines": []}, "ODataMetadataGenerator._add_entity_type": {"executed_lines": [253, 260, 261, 262, 269, 270, 277, 278, 280, 283, 284], "summary": {"covered_lines": 11, "num_statements": 11, "percent_covered": 100.0, "percent_covered_display": "100", "missing_lines": 0, "excluded_lines": 0}, "missing_lines": [], "excluded_lines": []}, "ODataMetadataGenerator._add_entity_container": {"executed_lines": [295, 302, 304, 305], "summary": {"covered_lines": 4, "num_statements": 4, "percent_covered": 100.0, "percent_covered_display": "100", "missing_lines": 0, "excluded_lines": 0}, "missing_lines": [], "excluded_lines": []}, "ODataMetadataGenerator._prettify_xml": {"executed_lines": [316, 317, 318], "summary": {"covered_lines": 3, "num_statements": 3, "percent_covered": 100.0, "percent_covered_display": "100", "missing_lines": 0, "excluded_lines": 0}, "missing_lines": [], "excluded_lines": []}, "ODataMetadataGenerator.generate": {"executed_lines": [330, 331, 333, 334, 336], "summary": {"covered_lines": 5, "num_statements": 5, "percent_covered": 100.0, "percent_covered_display": "100", "missing_lines": 0, "excluded_lines": 0}, "missing_lines": [], "excluded_lines": []}, "ODataMetadataGenerator.get_summary": {"executed_lines": [340], "summary": {"covered_lines": 1, "num_statements": 1, "percent_covered": 100.0, "percent_covered_display": "100", "missing_lines": 0, "excluded_lines": 0}, "missing_lines": [], "excluded_lines": []}, "Command.add_arguments": {"executed_lines": [359, 366, 373, 380, 387, 395], "summary": {"covered_lines": 6, "num_statements": 6, "percent_covered": 100.0, "percent_covered_display": "100", "missing_lines": 0, "excluded_lines": 0}, "missing_lines": [], "excluded_lines": []}, "Command.handle": {"executed_lines": [402, 403, 404, 405, 406, 407, 409, 413, 415, 422, 425, 426, 428, 433, 434, 435, 436, 437, 439, 440, 441, 447], "summary": {"covered_lines": 22, "num_statements": 26, "percent_covered": 84.61538461538461, "percent_covered_display": "85", "missing_lines": 4, "excluded_lines": 0}, "missing_lines": [448, 451, 453, 454], "excluded_lines": []}, "": {"executed_lines": [2, 16, 17, 18, 19, 20, 22, 23, 24, 25, 28, 29, 32, 59, 63, 84, 97, 111, 123, 177, 217, 251, 293, 314, 320, 338, 355, 356, 358, 401], "summary": {"covered_lines": 28, "num_statements": 28, "percent_covered": 100.0, "percent_covered_display": "100", "missing_lines": 0, "excluded_lines": 0}, "missing_lines": [], "excluded_lines": []}}, "classes": {"ODataMetadataGenerator": {"executed_lines": [77, 78, 79, 80, 81, 82, 94, 95, 99, 102, 103, 106, 107, 109, 113, 114, 115, 116, 125, 126, 128, 130, 134, 137, 138, 147, 148, 149, 150, 156, 163, 166, 167, 168, 169, 185, 194, 197, 207, 208, 209, 212, 215, 224, 232, 233, 234, 240, 249, 253, 260, 261, 262, 269, 270, 277, 278, 280, 283, 284, 295, 302, 304, 305, 316, 317, 318, 330, 331, 333, 334, 336, 340], "summary": {"covered_lines": 73, "num_statements": 74, "percent_covered": 98.64864864864865, "percent_covered_display": "99", "missing_lines": 1, "excluded_lines": 0}, "missing_lines": [131], "excluded_lines": []}, "Command": {"executed_lines": [359, 366, 373, 380, 387, 395, 402, 403, 404, 405, 406, 407, 409, 413, 415, 422, 425, 426, 428, 433, 434, 435, 436, 437, 439, 440, 441, 447], "summary": {"covered_lines": 28, "num_statements": 32, "percent_covered": 87.5, "percent_covered_display": "88", "missing_lines": 4, "excluded_lines": 0}, "missing_lines": [448, 451, 453, 454], "excluded_lines": []}, "": {"executed_lines": [2, 16, 17, 18, 19, 20, 22, 23, 24, 25, 28, 29, 32, 59, 63, 84, 97, 111, 123, 177, 217, 251, 293, 314, 320, 338, 355, 356, 358, 401], "summary": {"covered_lines": 28, "num_statements": 28, "percent_covered": 100.0, "percent_covered_display": "100", "missing_lines": 0, "excluded_lines": 0}, "missing_lines": [], "excluded_lines": []}}}, "my_app/management/commands/populate_data.py": {"executed_lines": [1, 3, 4, 6, 7, 8, 10, 12, 14, 18, 32, 33, 35, 36, 42, 48, 54, 60, 65, 72, 73, 74, 75, 76, 77, 78, 80, 81, 84, 86, 87, 88, 90, 96, 100, 101, 103, 105, 106, 107, 108, 109, 110, 111, 113, 118, 125, 127, 129, 130, 133, 134, 135, 136, 137, 138, 139, 140, 148, 149], "summary": {"covered_lines": 60, "num_statements": 63, "percent_covered": 95.23809523809524, "percent_covered_display": "95", "missing_lines": 3, "excluded_lines": 0}, "missing_lines": [91, 93, 94], "excluded_lines": [], "functions": {"Command.add_arguments": {"executed_lines": [36, 42, 48, 54, 60, 65], "summary": {"covered_lines": 6, "num_statements": 6, "percent_covered": 100.0, "percent_covered_display": "100", "missing_lines": 0, "excluded_lines": 0}, "missing_lines": [], "excluded_lines": []}, "Command.handle": {"executed_lines": [73, 74, 75, 76, 77, 78, 80, 81, 84, 86, 87, 88, 90, 96, 100, 101, 103], "summary": {"covered_lines": 17, "num_statements": 20, "percent_covered": 85.0, "percent_covered_display": "85", "missing_lines": 3, "excluded_lines": 0}, "missing_lines": [91, 93, 94], "excluded_lines": []}, "Command._create_persons": {"executed_lines": [107, 108, 109, 110, 111, 113, 118, 125, 127], "summary": {"covered_lines": 9, "num_statements": 9, "percent_covered": 100.0, "percent_covered_display": "100", "missing_lines": 0, "excluded_lines": 0}, "missing_lines": [], "excluded_lines": []}, "Command._create_cars_for_persons": {"executed_lines": [133, 134, 135, 136, 137, 138, 139, 140, 148, 149], "summary": {"covered_lines": 10, "num_statements": 10, "percent_covered": 100.0, "percent_covered_display": "100", "missing_lines": 0, "excluded_lines": 0}, "missing_lines": [], "excluded_lines": []}, "": {"executed_lines": [1, 3, 4, 6, 7, 8, 10, 12, 14, 18, 32, 33, 35, 72, 105, 106, 129, 130], "summary": {"covered_lines": 18, "num_statements": 18, "percent_covered": 100.0, "percent_covered_display": "100", "missing_lines": 0, "excluded_lines": 0}, "missing_lines": [], "excluded_lines": []}}, "classes": {"Command": {"executed_lines": [36, 42, 48, 54, 60, 65, 73, 74, 75, 76, 77, 78, 80, 81, 84, 86, 87, 88, 90, 96, 100, 101, 103, 107, 108, 109, 110, 111, 113, 118, 125, 127, 133, 134, 135, 136, 137, 138, 139, 140, 148, 149], "summary": {"covered_lines": 42, "num_statements": 45, "percent_covered": 93.33333333333333, "percent_covered_display": "93", "missing_lines": 3, "excluded_lines": 0}, "missing_lines": [91, 93, 94], "excluded_lines": []}, "": {"executed_lines": [1, 3, 4, 6, 7, 8, 10, 12, 14, 18, 32, 33, 35, 72, 105, 106, 129, 130], "summary": {"covered_lines": 18, "num_statements": 18, "percent_covered": 100.0, "percent_covered_display": "100", "missing_lines": 0, "excluded_lines": 0}, "missing_lines": [], "excluded_lines": []}}}, "my_app/middleware.py": {"executed_lines": [1, 2, 5, 6, 10, 12, 13, 14, 15, 16, 17, 19], "summary": {"covered_lines": 11, "num_statements": 11, "percent_covered": 100.0, "percent_covered_display": "100", "missing_lines": 0, "excluded_lines": 0}, "missing_lines": [], "excluded_lines": [], "functions": {"ForceJSONMiddleware.process_response": {"executed_lines": [12, 13, 14, 15, 16, 17, 19], "summary": {"covered_lines": 7, "num_statements": 7, "percent_covered": 100.0, "percent_covered_display": "100", "missing_lines": 0, "excluded_lines": 0}, "missing_lines": [], "excluded_lines": []}, "": {"executed_lines": [1, 2, 5, 6, 10], "summary": {"covered_lines": 4, "num_statements": 4, "percent_covered": 100.0, "percent_covered_display": "100", "missing_lines": 0, "excluded_lines": 0}, "missing_lines": [], "excluded_lines": []}}, "classes": {"ForceJSONMiddleware": {"executed_lines": [12, 13, 14, 15, 16, 17, 19], "summary": {"covered_lines": 7, "num_statements": 7, "percent_covered": 100.0, "percent_covered_display": "100", "missing_lines": 0, "excluded_lines": 0}, "missing_lines": [], "excluded_lines": []}, "": {"executed_lines": [1, 2, 5, 6, 10], "summary": {"covered_lines": 4, "num_statements": 4, "percent_covered": 100.0, "percent_covered_display": "100", "missing_lines": 0, "excluded_lines": 0}, "missing_lines": [], "excluded_lines": []}}}, "my_app/migrations/0001_initial.py": {"executed_lines": [3, 4, 7, 8, 10, 12], "summary": {"covered_lines": 6, "num_statements": 6, "percent_covered": 100.0, "percent_covered_display": "100", "missing_lines": 0, "excluded_lines": 0}, "missing_lines": [], "excluded_lines": [], "functions": {"": {"executed_lines": [3, 4, 7, 8, 10, 12], "summary": {"covered_lines": 6, "num_statements": 6, "percent_covered": 100.0, "percent_covered_display": "100", "missing_lines": 0, "excluded_lines": 0}, "missing_lines": [], "excluded_lines": []}}, "classes": {"Migration": {"executed_lines": [], "summary": {"covered_lines": 0, "num_statements": 0, "percent_covered": 100.0, "percent_covered_display": "100", "missing_lines": 0, "excluded_lines": 0}, "missing_lines": [], "excluded_lines": []}, "": {"executed_lines": [3, 4, 7, 8, 10, 12], "summary": {"covered_lines": 6, "num_statements": 6, "percent_covered": 100.0, "percent_covered_display": "100", "missing_lines": 0, "excluded_lines": 0}, "missing_lines": [], "excluded_lines": []}}}, "my_app/migrations/0002_product.py": {"executed_lines": [3, 6, 7, 11], "summary": {"covered_lines": 4, "num_statements": 4, "percent_covered": 100.0, "percent_covered_display": "100", "missing_lines": 0, "excluded_lines": 0}, "missing_lines": [], "excluded_lines": [], "functions": {"": {"executed_lines": [3, 6, 7, 11], "summary": {"covered_lines": 4, "num_statements": 4, "percent_covered": 100.0, "percent_covered_display": "100", "missing_lines": 0, "excluded_lines": 0}, "missing_lines": [], "excluded_lines": []}}, "classes": {"Migration": {"executed_lines": [], "summary": {"covered_lines": 0, "num_statements": 0, "percent_covered": 100.0, "percent_covered_display": "100", "missing_lines": 0, "excluded_lines": 0}, "missing_lines": [], "excluded_lines": []}, "": {"executed_lines": [3, 6, 7, 11], "summary": {"covered_lines": 4, "num_statements": 4, "percent_covered": 100.0, "percent_covered_display": "100", "missing_lines": 0, "excluded_lines": 0}, "missing_lines": [], "excluded_lines": []}}}, "my_app/migrations/__init__.py": {"executed_lines": [0], "summary": {"covered_lines": 0, "num_statements": 0, "percent_covered": 100.0, "percent_covered_display": "100", "missing_lines": 0, "excluded_lines": 0}, "missing_lines": [], "excluded_lines": [], "functions": {"": {"executed_lines": [], "summary": {"covered_lines": 0, "num_statements": 0, "percent_covered": 100.0, "percent_covered_display": "100", "missing_lines": 0, "excluded_lines": 0}, "missing_lines": [], "excluded_lines": []}}, "classes": {"": {"executed_lines": [], "summary": {"covered_lines": 0, "num_statements": 0, "percent_covered": 100.0, "percent_covered_display": "100", "missing_lines": 0, "excluded_lines": 0}, "missing_lines": [], "excluded_lines": []}}}, "my_app/models.py": {"executed_lines": [1, 3, 4, 5, 6, 8, 9, 10, 11, 12, 15, 16, 17, 18, 19, 20], "summary": {"covered_lines": 16, "num_statements": 16, "percent_covered": 100.0, "percent_covered_display": "100", "missing_lines": 0, "excluded_lines": 0}, "missing_lines": [], "excluded_lines": [], "functions": {"": {"executed_lines": [1, 3, 4, 5, 6, 8, 9, 10, 11, 12, 15, 16, 17, 18, 19, 20], "summary": {"covered_lines": 16, "num_statements": 16, "percent_covered": 100.0, "percent_covered_display": "100", "missing_lines": 0, "excluded_lines": 0}, "missing_lines": [], "excluded_lines": []}}, "classes": {"Person": {"executed_lines": [], "summary": {"covered_lines": 0, "num_statements": 0, "percent_covered": 100.0, "percent_covered_display": "100", "missing_lines": 0, "excluded_lines": 0}, "missing_lines": [], "excluded_lines": []}, "Car": {"executed_lines": [], "summary": {"covered_lines": 0, "num_statements": 0, "percent_covered": 100.0, "percent_covered_display": "100", "missing_lines": 0, "excluded_lines": 0}, "missing_lines": [], "excluded_lines": []}, "Product": {"executed_lines": [], "summary": {"covered_lines": 0, "num_statements": 0, "percent_covered": 100.0, "percent_covered_display": "100", "missing_lines": 0, "excluded_lines": 0}, "missing_lines": [], "excluded_lines": []}, "": {"executed_lines": [1, 3, 4, 5, 6, 8, 9, 10, 11, 12, 15, 16, 17, 18, 19, 20], "summary": {"covered_lines": 16, "num_statements": 16, "percent_covered": 100.0, "percent_covered_display": "100", "missing_lines": 0, "excluded_lines": 0}, "missing_lines": [], "excluded_lines": []}}}, "my_app/odata_urls.py": {"executed_lines": [1, 4, 5, 14, 15, 17, 18, 20, 30, 32, 35, 38, 47, 55, 59], "summary": {"covered_lines": 13, "num_statements": 13, "percent_covered": 100.0, "percent_covered_display": "100", "missing_lines": 0, "excluded_lines": 0}, "missing_lines": [], "excluded_lines": [], "functions": {"ODataRouter.get_urlpatterns": {"executed_lines": [20, 30, 32, 35, 38, 47, 55], "summary": {"covered_lines": 7, "num_statements": 7, "percent_covered": 100.0, "percent_covered_display": "100", "missing_lines": 0, "excluded_lines": 0}, "missing_lines": [], "excluded_lines": []}, "": {"executed_lines": [1, 4, 5, 14, 15, 17, 18, 59], "summary": {"covered_lines": 6, "num_statements": 6, "percent_covered": 100.0, "percent_covered_display": "100", "missing_lines": 0, "excluded_lines": 0}, "missing_lines": [], "excluded_lines": []}}, "classes": {"ODataRouter": {"executed_lines": [20, 30, 32, 35, 38, 47, 55], "summary": {"covered_lines": 7, "num_statements": 7, "percent_covered": 100.0, "percent_covered_display": "100", "missing_lines": 0, "excluded_lines": 0}, "missing_lines": [], "excluded_lines": []}, "": {"executed_lines": [1, 4, 5, 14, 15, 17, 18, 59], "summary": {"covered_lines": 6, "num_statements": 6, "percent_covered": 100.0, "percent_covered_display": "100", "missing_lines": 0, "excluded_lines": 0}, "missing_lines": [], "excluded_lines": []}}}, "my_app/serializers.py": {"executed_lines": [1, 2, 3, 6, 7, 8, 9, 12, 13, 19, 20, 21, 25, 26, 27, 28], "summary": {"covered_lines": 16, "num_statements": 16, "percent_covered": 100.0, "percent_covered_display": "100", "missing_lines": 0, "excluded_lines": 0}, "missing_lines": [], "excluded_lines": [], "functions": {"": {"executed_lines": [1, 2, 3, 6, 7, 8, 9, 12, 13, 19, 20, 21, 25, 26, 27, 28], "summary": {"covered_lines": 16, "num_statements": 16, "percent_covered": 100.0, "percent_covered_display": "100", "missing_lines": 0, "excluded_lines": 0}, "missing_lines": [], "excluded_lines": []}}, "classes": {"PersonSerializer": {"executed_lines": [], "summary": {"covered_lines": 0, "num_statements": 0, "percent_covered": 100.0, "percent_covered_display": "100", "missing_lines": 0, "excluded_lines": 0}, "missing_lines": [], "excluded_lines": []}, "PersonSerializer.Meta": {"executed_lines": [], "summary": {"covered_lines": 0, "num_statements": 0, "percent_covered": 100.0, "percent_covered_display": "100", "missing_lines": 0, "excluded_lines": 0}, "missing_lines": [], "excluded_lines": []}, "CarSerializer": {"executed_lines": [], "summary": {"covered_lines": 0, "num_statements": 0, "percent_covered": 100.0, "percent_covered_display": "100", "missing_lines": 0, "excluded_lines": 0}, "missing_lines": [], "excluded_lines": []}, "CarSerializer.Meta": {"executed_lines": [], "summary": {"covered_lines": 0, "num_statements": 0, "percent_covered": 100.0, "percent_covered_display": "100", "missing_lines": 0, "excluded_lines": 0}, "missing_lines": [], "excluded_lines": []}, "ProductSerializer": {"executed_lines": [], "summary": {"covered_lines": 0, "num_statements": 0, "percent_covered": 100.0, "percent_covered_display": "100", "missing_lines": 0, "excluded_lines": 0}, "missing_lines": [], "excluded_lines": []}, "ProductSerializer.Meta": {"executed_lines": [], "summary": {"covered_lines": 0, "num_statements": 0, "percent_covered": 100.0, "percent_covered_display": "100", "missing_lines": 0, "excluded_lines": 0}, "missing_lines": [], "excluded_lines": []}, "": {"executed_lines": [1, 2, 3, 6, 7, 8, 9, 12, 13, 19, 20, 21, 25, 26, 27, 28], "summary": {"covered_lines": 16, "num_statements": 16, "percent_covered": 100.0, "percent_covered_display": "100", "missing_lines": 0, "excluded_lines": 0}, "missing_lines": [], "excluded_lines": []}}}, "my_app/views.py": {"executed_lines": [1, 2, 3, 4, 5, 6, 7, 8, 9, 10, 11, 14, 33, 34, 37, 47, 49, 50, 58, 61, 62, 63, 67, 68, 70, 72, 73, 75, 76, 77, 78, 80, 81, 83, 84, 85, 86, 92, 98, 100, 102, 103, 105, 106, 108, 109, 110, 111, 112, 113, 114, 116, 117, 127, 128, 130, 132, 133, 135, 136, 137, 138, 140, 142, 144, 145, 147, 155, 158, 159, 162, 163, 164, 166, 168, 170, 172, 173, 176, 179, 180, 181, 182, 184, 186, 188, 189, 190, 193, 195, 196, 199, 202, 203, 204, 205, 206, 207, 208, 211, 212, 213, 214, 215, 216, 217, 218, 219, 221, 222, 223, 225, 227, 229, 230, 232, 233, 234, 235, 237, 239, 241, 242, 243, 245, 246, 247, 248, 249, 250, 252, 254, 255, 256, 259, 261, 262, 265, 268, 269, 270, 271, 272, 275, 276, 282, 288, 290, 291, 292, 293, 296, 297, 298, 299, 301, 302, 303, 306, 307, 309, 311, 312, 314, 315, 316, 322, 327, 331, 335, 343, 344, 346, 348, 349, 351, 352, 354, 360, 362, 363, 368, 370, 372, 384, 385, 387], "summary": {"covered_lines": 182, "num_statements": 215, "percent_covered": 84.65116279069767, "percent_covered_display": "85", "missing_lines": 33, "excluded_lines": 0}, "missing_lines": [59, 64, 65, 87, 88, 90, 118, 119, 120, 121, 122, 123, 125, 174, 191, 197, 283, 284, 285, 286, 336, 337, 374, 375, 389, 390, 396, 397, 399, 400, 402, 404, 405], "excluded_lines": [], "functions": {"ODataFilterParser.parse_filter": {"executed_lines": [58, 61, 62, 63], "summary": {"covered_lines": 4, "num_statements": 7, "percent_covered": 57.142857142857146, "percent_covered_display": "57", "missing_lines": 3, "excluded_lines": 0}, "missing_lines": [59, 64, 65], "excluded_lines": []}, "ODataFilterParser._tokenize_filter": {"executed_lines": [70, 72, 73, 75, 76, 77, 78, 80, 81, 83, 84, 85, 86, 92, 98, 100], "summary": {"covered_lines": 16, "num_statements": 19, "percent_covered": 84.21052631578948, "percent_covered_display": "84", "missing_lines": 3, "excluded_lines": 0}, "missing_lines": [87, 88, 90], "excluded_lines": []}, "ODataFilterParser._build_q_object": {"executed_lines": [105, 106, 108, 109, 110, 111, 112, 113, 114, 116, 117, 127, 128, 130, 132, 133, 135, 136, 137, 138, 140, 142], "summary": {"covered_lines": 22, "num_statements": 29, "percent_covered": 75.86206896551724, "percent_covered_display": "76", "missing_lines": 7, "excluded_lines": 0}, "missing_lines": [118, 119, 120, 121, 122, 123, 125], "excluded_lines": []}, "ODataFilterParser._map_operator": {"executed_lines": [147, 155], "summary": {"covered_lines": 2, "num_statements": 2, "percent_covered": 100.0, "percent_covered_display": "100", "missing_lines": 0, "excluded_lines": 0}, "missing_lines": [], "excluded_lines": []}, "ODataModelViewSet.get_registry_entry": {"executed_lines": [168], "summary": {"covered_lines": 1, "num_statements": 1, "percent_covered": 100.0, "percent_covered_display": "100", "missing_lines": 0, "excluded_lines": 0}, "missing_lines": [], "excluded_lines": []}, "ODataModelViewSet.get_queryset": {"executed_lines": [172, 173, 176, 179, 180, 181, 182, 184], "summary": {"covered_lines": 8, "num_statements": 9, "percent_covered": 88.88888888888889, "percent_covered_display": "89", "missing_lines": 1, "excluded_lines": 0}, "missing_lines": [174], "excluded_lines": []}, "ODataModelViewSet.get_serializer_class": {"executed_lines": [188, 189, 190], "summary": {"covered_lines": 3, "num_statements": 4, "percent_covered": 75.0, "percent_covered_display": "75", "missing_lines": 1, "excluded_lines": 0}, "missing_lines": [191], "excluded_lines": []}, "ODataModelViewSet.apply_odata_params": {"executed_lines": [195, 196, 199, 202, 203, 204, 205, 206, 207, 208, 211, 212, 213, 214, 215, 216, 217, 218, 219, 221, 222, 223, 225], "summary": {"covered_lines": 23, "num_statements": 24, "percent_covered": 95.83333333333333, "percent_covered_display": "96", "missing_lines": 1, "excluded_lines": 0}, "missing_lines": [197], "excluded_lines": []}, "ODataModelViewSet.paginate_queryset": {"executed_lines": [229, 230, 232, 233, 234, 235, 237], "summary": {"covered_lines": 7, "num_statements": 7, "percent_covered": 100.0, "percent_covered_display": "100", "missing_lines": 0, "excluded_lines": 0}, "missing_lines": [], "excluded_lines": []}, "ODataModelViewSet.apply_select": {"executed_lines": [241, 242, 243, 245, 246, 247, 248, 249, 250], "summary": {"covered_lines": 9, "num_statements": 9, "percent_covered": 100.0, "percent_covered_display": "100", "missing_lines": 0, "excluded_lines": 0}, "missing_lines": [], "excluded_lines": []}, "ODataModelViewSet.list": {"executed_lines": [254, 255, 256, 259, 261, 262, 265, 268, 269, 270, 271, 272, 275, 276, 282], "summary": {"covered_lines": 15, "num_statements": 19, "percent_covered": 78.94736842105263, "percent_covered_display": "79", "missing_lines": 4, "excluded_lines": 0}, "missing_lines": [283, 284, 285, 286], "excluded_lines": []}, "ODataModelViewSet.retrieve": {"executed_lines": [290, 291, 292, 293, 296, 297, 298, 299, 301, 302, 303], "summary": {"covered_lines": 11, "num_statements": 11, "percent_covered": 100.0, "percent_covered_display": "100", "missing_lines": 0, "excluded_lines": 0}, "missing_lines": [], "excluded_lines": []}, "ODataServiceDocumentView.get": {"executed_lines": [311, 312, 314, 315, 316, 322, 327, 331, 335], "summary": {"covered_lines": 9, "num_statements": 11, "percent_covered": 81.81818181818181, "percent_covered_display": "82", "missing_lines": 2, "excluded_lines": 0}, "missing_lines": [336, 337], "excluded_lines": []}, "ODataMetadataEndpoint.get": {"executed_lines": [348, 349, 351, 352, 354, 360, 362, 363, 368, 370, 372], "summary": {"covered_lines": 11, "num_statements": 13, "percent_covered": 84.61538461538461, "percent_covered_display": "85", "missing_lines": 2, "excluded_lines": 0}, "missing_lines": [374, 375], "excluded_lines": []}, "ODataMetadataJsonEndpoint.get": {"executed_lines": [], "summary": {"covered_lines": 0, "num_statements": 9, "percent_covered": 0.0, "percent_covered_display": "0", "missing_lines": 9, "excluded_lines": 0}, "missing_lines": [389, 390, 396, 397, 399, 400, 402, 404, 405], "excluded_lines": []}, "": {"executed_lines": [1, 2, 3, 4, 5, 6, 7, 8, 9, 10, 11, 14, 33, 34, 37, 47, 49, 50, 67, 68, 102, 103, 144, 145, 158, 159, 162, 163, 164, 166, 170, 186, 193, 227, 239, 252, 288, 306, 307, 309, 343, 344, 346, 384, 385, 387], "summary": {"covered_lines": 41, "num_statements": 41, "percent_covered": 100.0, "percent_covered_display": "100", "missing_lines": 0, "excluded_lines": 0}, "missing_lines": [], "excluded_lines": []}}, "classes": {"ODataFilterParser": {"executed_lines": [58, 61, 62, 63, 70, 72, 73, 75, 76, 77, 78, 80, 81, 83, 84, 85, 86, 92, 98, 100, 105, 106, 108, 109, 110, 111, 112, 113, 114, 116, 117, 127, 128, 130, 132, 133, 135, 136, 137, 138, 140, 142, 147, 155], "summary": {"covered_lines": 44, "num_statements": 57, "percent_covered": 77.19298245614036, "percent_covered_display": "77", "missing_lines": 13, "excluded_lines": 0}, "missing_lines": [59, 64, 65, 87, 88, 90, 118, 119, 120, 121, 122, 123, 125], "excluded_lines": []}, "ODataModelViewSet": {"executed_lines": [168, 172, 173, 176, 179, 180, 181, 182, 184, 188, 189, 190, 195, 196, 199, 202, 203, 204, 205, 206, 207, 208, 211, 212, 213, 214, 215, 216, 217, 218, 219, 221, 222, 223, 225, 229, 230, 232, 233, 234, 235, 237, 241, 242, 243, 245, 246, 247, 248, 249, 250, 254, 255, 256, 259, 261, 262, 265, 268, 269, 270, 271, 272, 275, 276, 282, 290, 291, 292, 293, 296, 297, 298, 299, 301, 302, 303], "summary": {"covered_lines": 77, "num_statements": 84, "percent_covered": 91.66666666666667, "percent_covered_display": "92", "missing_lines": 7, "excluded_lines": 0}, "missing_lines": [174, 191, 197, 283, 284, 285, 286], "excluded_lines": []}, "ODataServiceDocumentView": {"executed_lines": [311, 312, 314, 315, 316, 322, 327, 331, 335], "summary": {"covered_lines": 9, "num_statements": 11, "percent_covered": 81.81818181818181, "percent_covered_display": "82", "missing_lines": 2, "excluded_lines": 0}, "missing_lines": [336, 337], "excluded_lines": []}, "ODataMetadataEndpoint": {"executed_lines": [348, 349, 351, 352, 354, 360, 362, 363, 368, 370, 372], "summary": {"covered_lines": 11, "num_statements": 13, "percent_covered": 84.61538461538461, "percent_covered_display": "85", "missing_lines": 2, "excluded_lines": 0}, "missing_lines": [374, 375], "excluded_lines": []}, "ODataMetadataJsonEndpoint": {"executed_lines": [], "summary": {"covered_lines": 0, "num_statements": 9, "percent_covered": 0.0, "percent_covered_display": "0", "missing_lines": 9, "excluded_lines": 0}, "missing_lines": [389, 390, 396, 397, 399, 400, 402, 404, 405], "excluded_lines": []}, "": {"executed_lines": [1, 2, 3, 4, 5, 6, 7, 8, 9, 10, 11, 14, 33, 34, 37, 47, 49, 50, 67, 68, 102, 103, 144, 145, 158, 159, 162, 163, 164, 166, 170, 186, 193, 227, 239, 252, 288, 306, 307, 309, 343, 344, 346, 384, 385, 387], "summary": {"covered_lines": 41, "num_statements": 41, "percent_covered": 100.0, "percent_covered_display": "100", "missing_lines": 0, "excluded_lines": 0}, "missing_lines": [], "excluded_lines": []}}}}, "totals": {"covered_lines": 441, "num_statements": 482, "percent_covered": 91.49377593360995, "percent_covered_display": "91", "missing_lines": 41, "excluded_lines": 0}}